Build started 7/26/2014 9:15:36 PM.
     1>Project "C:\Users\Vlady\Documents\Visual Studio 2010\Projects\kur2\kur2\kur2.vcxproj" on node 2 (build target(s)).
     1>InitializeBuildStatus:
         Creating "Debug\kur2.unsuccessfulbuild" because "AlwaysCreate" was specified.
       ClCompile:
         All outputs are up-to-date.
         C:\Program Files (x86)\Microsoft Visual Studio 10.0\VC\bin\CL.exe /c /ZI /nologo /W3 /WX- /Od /Oy- /D WIN32 /D _DEBUG /D _CONSOLE /D _UNICODE /D UNICODE /Gm /EHsc /RTC1 /MDd /GS /fp:precise /Zc:wchar_t /Zc:forScope /Yu"StdAfx.h" /Fp"Debug\kur2.pch" /Fo"Debug\\" /Fd"Debug\vc100.pdb" /Gd /TP /analyze- /errorReport:prompt kur2.cpp
         kur2.cpp
     1>c:\users\vlady\documents\visual studio 2010\projects\kur2\kur2\kur2.cpp(945): warning C4996: 'fopen': This function or variable may be unsafe. Consider using fopen_s instead. To disable deprecation, use _CRT_SECURE_NO_WARNINGS. See online help for details.
                 c:\program files (x86)\microsoft visual studio 10.0\vc\include\stdio.h(234) : see declaration of 'fopen'
     1>c:\users\vlady\documents\visual studio 2010\projects\kur2\kur2\kur2.cpp(970): warning C4996: 'fopen': This function or variable may be unsafe. Consider using fopen_s instead. To disable deprecation, use _CRT_SECURE_NO_WARNINGS. See online help for details.
                 c:\program files (x86)\microsoft visual studio 10.0\vc\include\stdio.h(234) : see declaration of 'fopen'
       Link:
         C:\Program Files (x86)\Microsoft Visual Studio 10.0\VC\bin\link.exe /ERRORREPORT:PROMPT /OUT:"C:\Users\Vlady\Documents\Visual Studio 2010\Projects\kur2\Debug\kur2.exe" /INCREMENTAL:NO /NOLOGO kernel32.lib user32.lib gdi32.lib winspool.lib comdlg32.lib advapi32.lib shell32.lib ole32.lib oleaut32.lib uuid.lib odbc32.lib odbccp32.lib /MANIFEST /ManifestFile:"Debug\kur2.exe.intermediate.manifest" /MANIFESTUAC:"level='asInvoker' uiAccess='false'" /DEBUG /PDB:"C:\Users\Vlady\Documents\Visual Studio 2010\Projects\kur2\Debug\kur2.pdb" /SUBSYSTEM:CONSOLE /TLBID:1 /DYNAMICBASE /NXCOMPAT /IMPLIB:"C:\Users\Vlady\Documents\Visual Studio 2010\Projects\kur2\Debug\kur2.lib" /MACHINE:X86 Debug\kur2.obj
         Debug\stdafx.obj
     1>kur2.obj : warning LNK4075: ignoring '/EDITANDCONTINUE' due to '/INCREMENTAL:NO' specification
         kur2.vcxproj -> C:\Users\Vlady\Documents\Visual Studio 2010\Projects\kur2\Debug\kur2.exe
       Manifest:
         C:\Program Files (x86)\Microsoft SDKs\Windows\v7.0A\bin\mt.exe /nologo /verbose /outputresource:"C:\Users\Vlady\Documents\Visual Studio 2010\Projects\kur2\Debug\kur2.exe;#1" /manifest Debug\kur2.exe.intermediate.manifest
       FinalizeBuildStatus:
         Deleting file "Debug\kur2.unsuccessfulbuild".
         Touching "Debug\kur2.lastbuildstate".
     1>Done Building Project "C:\Users\Vlady\Documents\Visual Studio 2010\Projects\kur2\kur2\kur2.vcxproj" (build target(s)).

Build succeeded.

Time Elapsed 00:00:05.74
